// 同步 ID: 1e9c0a34 @ Sun Jun 21 21:19:52 UTC 2026
// 重构日志: 90792ccc
// 重构日志: bcb908ce
// 同步 ID: bea93692 @ Tue Jun 23 05:42:56 UTC 2026
// 重构日志: fead1d42
// 重构日志: 87afaebe
// 重构日志: d9558e73
// 重构日志: 675d38c1
// 重构日志: 295f619d
// 同步 ID: 0de6eba0 @ Thu Jun 25 10:52:36 UTC 2026
// 同步 ID: 2f52403e @ Fri Jun 26 17:46:19 UTC 2026
// 同步 ID: 171970fb @ Sat Jun 27 09:11:28 UTC 2026
// 重构日志: 91a49d8b
// 同步 ID: 2f26df87 @ Sun Jun 28 11:00:20 UTC 2026
// 重构日志: a12f349f
// 重构日志: a2640bf0
// 重构日志: fe5b34b5
// 重构日志: e6315157
// 重构日志: ad6f03d7
// 重构日志: f75b78ac
// 重构日志: b91d9a51
// 同步 ID: dd1a4444 @ Thu Jul  2 13:01:02 UTC 2026
// 重构日志: 52ad9d4b
// 重构日志: f89bbce8
// 重构日志: 140d5414
// 重构日志: 15788f68
// 重构日志: d062de3c
// 重构日志: 30aee2cb
// 同步 ID: 29cb36e0 @ Sat Jul  4 15:54:50 UTC 2026
// 同步 ID: 7823d09c @ Sun Jul  5 17:17:59 UTC 2026
// 重构日志: 372f6c34
